#
# A fatal error has been detected by the Java Runtime Environment:
#
#  SIGSEGV (0xb) at pc=0x670a2008, pid=14472, tid=0xb665cb40
#
# JRE version: Java(TM) SE Runtime Environment (8.0_111-b14) (build 1.8.0_111-b14)
# Java VM: Java HotSpot(TM) Server VM (25.111-b14 mixed mode linux-x86 )
# Problematic frame:
# C  [libR.so+0xf6008]
#
# Failed to write core dump. Core dumps have been disabled. To enable core dumping, try "ulimit -c unlimited" before starting Java again
#
# If you would like to submit a bug report, please visit:
#   http://bugreport.java.com/bugreport/crash.jsp
# The crash happened outside the Java Virtual Machine in native code.
# See problematic frame for where to report the bug.
#

---------------  T H R E A D  ---------------

Current thread (0xb6507800):  JavaThread "main" [_thread_in_native, id=14478, stack(0xb660c000,0xb665d000)]

siginfo: si_signo: 11 (SIGSEGV), si_code: 1 (SEGV_MAPERR), si_addr: 0x0000000c

Registers:
EAX=0x67df1ba8, EBX=0x67256000, ECX=0x00000000, EDX=0x00000001
ESP=0xb665bd00, EBP=0x00017578, ESI=0x0000003e, EDI=0x00000000
EIP=0x670a2008, EFLAGS=0x00010202, CR2=0x0000000c

Top of Stack: (sp=0xb665bd00)
0xb665bd00:   6726d038 0000003e 00000020 00000001
0xb665bd10:   b64d202c b76ee7a2 670a1f49 67256000
0xb665bd20:   00000000 00000001 00000001 670a3147
0xb665bd30:   00000001 b64c8c70 00000001 b665bd68
0xb665bd40:   b7704000 6726d038 00600000 00000000
0xb665bd50:   00000001 66fb07a0 670a2929 67256000
0xb665bd60:   6821c130 b6507938 67de9f88 6709361e
0xb665bd70:   00000010 00000001 00000000 67093600 

Instructions: (pc=0x670a2008)
0x670a1fe8:   b2 b4 00 00 00 89 0e 8b 74 24 04 8b 4a 08 85 f6
0x670a1ff8:   74 5b 89 14 24 0f b6 54 24 0c 8d 2d 78 75 01 00
0x670a2008:   8b 79 0c 31 f6 c1 e2 05 88 54 24 0c 8d 74 26 00
0x670a2018:   8b 14 24 89 48 08 83 c6 01 83 82 ac 00 00 00 01 

Register to memory mapping:

EAX=0x67df1ba8 is an unknown value
EBX=0x67256000: <offset 0x2aa000> in /usr/lib/libR.so at 0x66fac000
ECX=0x00000000 is an unknown value
EDX=0x00000001 is an unknown value
ESP=0xb665bd00 is pointing into the stack for thread: 0xb6507800
EBP=0x00017578 is an unknown value
ESI=0x0000003e is an unknown value
EDI=0x00000000 is an unknown value


Stack: [0xb660c000,0xb665d000],  sp=0xb665bd00,  free space=319k
Native frames: (J=compiled Java code, j=interpreted, Vv=VM code, C=native code)
C  [libR.so+0xf6008]

Java frames: (J=compiled Java code, j=interpreted, Vv=VM code)
j  org.rosuda.JRI.Rengine.rniParse(Ljava/lang/String;I)J+0
j  org.rosuda.JRI.Rengine.eval(Ljava/lang/String;Z)Lorg/rosuda/JRI/REXP;+53
j  org.rosuda.JRI.Rengine.eval(Ljava/lang/String;)Lorg/rosuda/JRI/REXP;+3
j  bk.master.r.Test.main([Ljava/lang/String;)V+50
v  ~StubRoutines::call_stub

---------------  P R O C E S S  ---------------

Java Threads: ( => current thread )
  0x67dab400 JavaThread "Service Thread" daemon [_thread_blocked, id=14490, stack(0x6742e000,0x6747f000)]
  0x67da8000 JavaThread "C1 CompilerThread2" daemon [_thread_blocked, id=14489, stack(0x6747f000,0x67500000)]
  0x67da6c00 JavaThread "C2 CompilerThread1" daemon [_thread_blocked, id=14488, stack(0x67500000,0x67581000)]
  0x67da4c00 JavaThread "C2 CompilerThread0" daemon [_thread_blocked, id=14487, stack(0x67a2e000,0x67aaf000)]
  0x67da3400 JavaThread "Signal Dispatcher" daemon [_thread_blocked, id=14486, stack(0x67aaf000,0x67b00000)]
  0x67d88800 JavaThread "Finalizer" daemon [_thread_blocked, id=14485, stack(0x67c2e000,0x67c7f000)]
  0x67d85c00 JavaThread "Reference Handler" daemon [_thread_blocked, id=14484, stack(0x6a72e000,0x6a77f000)]
=>0xb6507800 JavaThread "main" [_thread_in_native, id=14478, stack(0xb660c000,0xb665d000)]

Other Threads:
  0x67d81400 VMThread [stack: 0x67c7f000,0x67d00000] [id=14483]
  0x67dbe400 WatcherThread [stack: 0x673ad000,0x6742e000] [id=14491]

VM state:not at safepoint (normal execution)

VM Mutex/Monitor currently owned by a thread: None

Heap:
 PSYoungGen      total 17920K, used 1228K [0x93000000, 0x94400000, 0xa7000000)
  eden space 15360K, 8% used [0x93000000,0x931333b8,0x93f00000)
  from space 2560K, 0% used [0x94180000,0x94180000,0x94400000)
  to   space 2560K, 0% used [0x93f00000,0x93f00000,0x94180000)
 ParOldGen       total 40960K, used 0K [0x6b000000, 0x6d800000, 0x93000000)
  object space 40960K, 0% used [0x6b000000,0x6b000000,0x6d800000)
 Metaspace       used 1935K, capacity 2240K, committed 2328K, reserved 4400K

Card table byte_map: [0x6ae1f000,0x6b000000] byte_map_base: 0x6aac7000

Marking Bits: (ParMarkBitMap*) 0xb70bd8c0
 Begin Bits: [0x68800000, 0x69700000)
 End Bits:   [0x69700000, 0x6a600000)

Polling page: 0xb76ce000

CodeCache: size=245760Kb used=688Kb max_used=688Kb free=245071Kb
 bounds [0xa746c000, 0xa76ac000, 0xb646c000]
 total_blobs=179 nmethods=23 adapters=72
 compilation: enabled

Compilation events (10 events):
Event: 0,106 Thread 0x67da8000   18       3       java.lang.CharacterDataLatin1::getProperties (11 bytes)
Event: 0,107 Thread 0x67da8000 nmethod 18 0xa75162c8 code [0xa75163e0, 0xa75164e0]
Event: 0,108 Thread 0x67da8000   19       3       java.lang.System::getSecurityManager (4 bytes)
Event: 0,108 Thread 0x67da8000 nmethod 19 0xa7516088 code [0xa75161a0, 0xa7516260]
Event: 0,111 Thread 0x67da8000   20       3       java.lang.String::indexOf (7 bytes)
Event: 0,111 Thread 0x67da8000 nmethod 20 0xa7515ac8 code [0xa7515be0, 0xa7515d4c]
Event: 0,112 Thread 0x67da8000   21       3       java.lang.String::startsWith (72 bytes)
Event: 0,112 Thread 0x67da8000 nmethod 21 0xa7518608 code [0xa7518740, 0xa75189a0]
Event: 0,112 Thread 0x67da8000   22       3       java.lang.AbstractStringBuilder::append (50 bytes)
Event: 0,113 Thread 0x67da8000 nmethod 22 0xa7517c08 code [0xa7517d80, 0xa7518310]

GC Heap History (0 events):
No events

Deoptimization events (0 events):
No events

Internal exceptions (2 events):
Event: 0,035 Thread 0xb6507800 Exception <a 'java/lang/NoSuchMethodError': Method sun.misc.Unsafe.defineClass(Ljava/lang/String;[BII)Ljava/lang/Class; name or signature does not match> (0x93006e60) thrown at [/HUDSON/workspace/8-2-build-linux-i586/jdk8u111/7883/hotspot/src/share/vm/pri
Event: 0,036 Thread 0xb6507800 Exception <a 'java/lang/NoSuchMethodError': Method sun.misc.Unsafe.prefetchRead(Ljava/lang/Object;J)V name or signature does not match> (0x93007130) thrown at [/HUDSON/workspace/8-2-build-linux-i586/jdk8u111/7883/hotspot/src/share/vm/prims/jni.cpp, line 4

Events (10 events):
Event: 0,109 loading class java/lang/UnsatisfiedLinkError
Event: 0,109 loading class java/lang/UnsatisfiedLinkError done
Event: 0,110 loading class java/lang/ClassLoaderHelper
Event: 0,110 loading class java/lang/ClassLoaderHelper done
Event: 0,111 loading class org/rosuda/JRI/Mutex
Event: 0,111 loading class org/rosuda/JRI/Mutex done
Event: 0,113 Thread 0x67debc00 Thread added: 0x67debc00
Event: 0,114 Thread 0x67debc00 Thread exited: 0x67debc00
Event: 0,123 loading class java/util/concurrent/ConcurrentHashMap$ForwardingNode
Event: 0,123 loading class java/util/concurrent/ConcurrentHashMap$ForwardingNode done


Dynamic libraries:
08048000-08049000 r-xp 00000000 08:07 1837738    /home/thuy1/java/jdk1.8.0_111/bin/java
08049000-0804a000 rw-p 00000000 08:07 1837738    /home/thuy1/java/jdk1.8.0_111/bin/java
08b79000-08b9a000 rw-p 00000000 00:00 0          [heap]
66e36000-66e39000 ---p 00000000 00:00 0 
66e39000-66e87000 rw-p 00000000 00:00 0 
66e87000-66efa000 r-xp 00000000 08:01 263607     /lib/i386-linux-gnu/libpcre.so.3.13.2
66efa000-66efb000 r--p 00072000 08:01 263607     /lib/i386-linux-gnu/libpcre.so.3.13.2
66efb000-66efc000 rw-p 00073000 08:01 263607     /lib/i386-linux-gnu/libpcre.so.3.13.2
66efc000-66f3a000 r-xp 00000000 08:01 263629     /lib/i386-linux-gnu/libreadline.so.6.3
66f3a000-66f3b000 ---p 0003e000 08:01 263629     /lib/i386-linux-gnu/libreadline.so.6.3
66f3b000-66f3c000 r--p 0003e000 08:01 263629     /lib/i386-linux-gnu/libreadline.so.6.3
66f3c000-66f3f000 rw-p 0003f000 08:01 263629     /lib/i386-linux-gnu/libreadline.so.6.3
66f3f000-66f40000 rw-p 00000000 00:00 0 
66f40000-66faa000 r-xp 00000000 08:01 398894     /usr/lib/libblas/libblas.so.3.6.0
66faa000-66fab000 r--p 00069000 08:01 398894     /usr/lib/libblas/libblas.so.3.6.0
66fab000-66fac000 rw-p 0006a000 08:01 398894     /usr/lib/libblas/libblas.so.3.6.0
66fac000-67244000 r-xp 00000000 08:01 1574515    /usr/lib/R/lib/libR.so
67244000-67245000 ---p 00298000 08:01 1574515    /usr/lib/R/lib/libR.so
67245000-67256000 r--p 00298000 08:01 1574515    /usr/lib/R/lib/libR.so
67256000-6725f000 rw-p 002a9000 08:01 1574515    /usr/lib/R/lib/libR.so
6725f000-673ad000 rw-p 00000000 00:00 0 
673ad000-673ae000 ---p 00000000 00:00 0 
673ae000-6742e000 rw-p 00000000 00:00 0 
6742e000-67431000 ---p 00000000 00:00 0 
67431000-6747f000 rw-p 00000000 00:00 0 
6747f000-67482000 ---p 00000000 00:00 0 
67482000-67500000 rw-p 00000000 00:00 0 
67500000-67503000 ---p 00000000 00:00 0 
67503000-67581000 rw-p 00000000 00:00 0 
67581000-67700000 r--p 009be000 08:01 4465979    /usr/lib/locale/locale-archive
67700000-67900000 r--p 00000000 08:01 4465979    /usr/lib/locale/locale-archive
67900000-67921000 rw-p 00000000 00:00 0 
67921000-67a00000 ---p 00000000 00:00 0 
67a0b000-67a2b000 r-xp 00000000 08:01 263650     /lib/i386-linux-gnu/libtinfo.so.5.9
67a2b000-67a2d000 r--p 0001f000 08:01 263650     /lib/i386-linux-gnu/libtinfo.so.5.9
67a2d000-67a2e000 rw-p 00021000 08:01 263650     /lib/i386-linux-gnu/libtinfo.so.5.9
67a2e000-67a31000 ---p 00000000 00:00 0 
67a31000-67aaf000 rw-p 00000000 00:00 0 
67aaf000-67ab2000 ---p 00000000 00:00 0 
67ab2000-67b00000 rw-p 00000000 00:00 0 
67b00000-67b45000 rw-p 00000000 00:00 0 
67b45000-67c00000 ---p 00000000 00:00 0 
67c0a000-67c2c000 r-xp 00000000 08:01 4462453    /usr/lib/i386-linux-gnu/libgomp.so.1.0.0
67c2c000-67c2d000 r--p 00021000 08:01 4462453    /usr/lib/i386-linux-gnu/libgomp.so.1.0.0
67c2d000-67c2e000 rw-p 00022000 08:01 4462453    /usr/lib/i386-linux-gnu/libgomp.so.1.0.0
67c2e000-67c31000 ---p 00000000 00:00 0 
67c31000-67c7f000 rw-p 00000000 00:00 0 
67c7f000-67c80000 ---p 00000000 00:00 0 
67c80000-67d00000 rw-p 00000000 00:00 0 
67d00000-67dfd000 rw-p 00000000 00:00 0 
67dfd000-67e00000 ---p 00000000 00:00 0 
67e01000-67e1a000 r-xp 00000000 08:01 263669     /lib/i386-linux-gnu/libz.so.1.2.8
67e1a000-67e1b000 r--p 00018000 08:01 263669     /lib/i386-linux-gnu/libz.so.1.2.8
67e1b000-67e1c000 rw-p 00019000 08:01 263669     /lib/i386-linux-gnu/libz.so.1.2.8
67e1c000-67ff4000 r--s 03d2a000 08:07 1838087    /home/thuy1/java/jdk1.8.0_111/jre/lib/rt.jar
67ff4000-6823a000 rw-p 00000000 00:00 0 
6823a000-68440000 ---p 00000000 00:00 0 
68440000-6a600000 rw-p 00000000 00:00 0 
6a600000-6a621000 rw-p 00000000 00:00 0 
6a621000-6a700000 ---p 00000000 00:00 0 
6a708000-6a72c000 r-xp 00000000 08:01 263547     /lib/i386-linux-gnu/liblzma.so.5.0.0
6a72c000-6a72d000 r--p 00023000 08:01 263547     /lib/i386-linux-gnu/liblzma.so.5.0.0
6a72d000-6a72e000 rw-p 00024000 08:01 263547     /lib/i386-linux-gnu/liblzma.so.5.0.0
6a72e000-6a731000 ---p 00000000 00:00 0 
6a731000-6a77f000 rw-p 00000000 00:00 0 
6a77f000-6a780000 ---p 00000000 00:00 0 
6a780000-6a800000 rw-p 00000000 00:00 0 
6a800000-6a821000 rw-p 00000000 00:00 0 
6a821000-6a900000 ---p 00000000 00:00 0 
6a900000-6a921000 rw-p 00000000 00:00 0 
6a921000-6aa00000 ---p 00000000 00:00 0 
6aa30000-6aa7f000 rw-p 00000000 00:00 0 
6aa7f000-6aa80000 ---p 00000000 00:00 0 
6aa80000-6ab00000 rw-p 00000000 00:00 0 
6ab00000-6ab21000 rw-p 00000000 00:00 0 
6ab21000-6ac00000 ---p 00000000 00:00 0 
6ac03000-6ac5e000 rw-p 00000000 00:00 0 
6ac5e000-6ac5f000 ---p 00000000 00:00 0 
6ac5f000-6acf3000 rw-p 00000000 00:00 0 
6acf3000-6ae1f000 ---p 00000000 00:00 0 
6ae1f000-6ae33000 rw-p 00000000 00:00 0 
6ae33000-6af5f000 ---p 00000000 00:00 0 
6af5f000-6af69000 rw-p 00000000 00:00 0 
6af69000-6afff000 ---p 00000000 00:00 0 
6afff000-6d800000 rw-p 00000000 00:00 0 
6d800000-93000000 ---p 00000000 00:00 0 
93000000-94400000 rw-p 00000000 00:00 0 
94400000-a7000000 ---p 00000000 00:00 0 
a7002000-a7012000 r-xp 00000000 08:01 263479     /lib/i386-linux-gnu/libbz2.so.1.0.4
a7012000-a7013000 r--p 0000f000 08:01 263479     /lib/i386-linux-gnu/libbz2.so.1.0.4
a7013000-a7014000 rw-p 00010000 08:01 263479     /lib/i386-linux-gnu/libbz2.so.1.0.4
a7014000-a702b000 rw-p 00000000 00:00 0 
a702b000-a702c000 ---p 00000000 00:00 0 
a702c000-a70b5000 rw-p 00000000 00:00 0 
a70b5000-a746c000 ---p 00000000 00:00 0 
a746c000-a76ac000 rwxp 00000000 00:00 0 
a76ac000-b646c000 ---p 00000000 00:00 0 
b646c000-b6485000 r-xp 00000000 08:07 1838040    /home/thuy1/java/jdk1.8.0_111/jre/lib/i386/libzip.so
b6485000-b6486000 rw-p 00019000 08:07 1838040    /home/thuy1/java/jdk1.8.0_111/jre/lib/i386/libzip.so
b6486000-b6491000 r-xp 00000000 08:01 263577     /lib/i386-linux-gnu/libnss_files-2.23.so
b6491000-b6492000 r--p 0000a000 08:01 263577     /lib/i386-linux-gnu/libnss_files-2.23.so
b6492000-b6493000 rw-p 0000b000 08:01 263577     /lib/i386-linux-gnu/libnss_files-2.23.so
b6493000-b6499000 rw-p 00000000 00:00 0 
b6499000-b64a4000 r-xp 00000000 08:01 263587     /lib/i386-linux-gnu/libnss_nis-2.23.so
b64a4000-b64a5000 r--p 0000a000 08:01 263587     /lib/i386-linux-gnu/libnss_nis-2.23.so
b64a5000-b64a6000 rw-p 0000b000 08:01 263587     /lib/i386-linux-gnu/libnss_nis-2.23.so
b64a6000-b64bd000 r-xp 00000000 08:01 263571     /lib/i386-linux-gnu/libnsl-2.23.so
b64bd000-b64be000 r--p 00016000 08:01 263571     /lib/i386-linux-gnu/libnsl-2.23.so
b64be000-b64bf000 rw-p 00017000 08:01 263571     /lib/i386-linux-gnu/libnsl-2.23.so
b64bf000-b64c1000 rw-p 00000000 00:00 0 
b64c8000-b64d1000 r-xp 00000000 08:07 263217     /home/thuy1/R/i686-pc-linux-gnu-library/3.3/rJava/jri/libjri.so
b64d1000-b64d2000 r--p 00008000 08:07 263217     /home/thuy1/R/i686-pc-linux-gnu-library/3.3/rJava/jri/libjri.so
b64d2000-b64d3000 rw-p 00009000 08:07 263217     /home/thuy1/R/i686-pc-linux-gnu-library/3.3/rJava/jri/libjri.so
b64d3000-b64db000 rw-s 00000000 08:01 2492450    /tmp/hsperfdata_thuy1/14472
b64db000-b64ff000 r-xp 00000000 08:07 1838035    /home/thuy1/java/jdk1.8.0_111/jre/lib/i386/libjava.so
b64ff000-b6500000 rw-p 00024000 08:07 1838035    /home/thuy1/java/jdk1.8.0_111/jre/lib/i386/libjava.so
b6500000-b65fb000 rw-p 00000000 00:00 0 
b65fb000-b6600000 ---p 00000000 00:00 0 
b6600000-b6603000 r--s 0001b000 08:07 2229607    /home/thuy1/.m2/repository/junit/junit/3.8.1/junit-3.8.1.jar
b6603000-b660a000 r-xp 00000000 08:01 263632     /lib/i386-linux-gnu/librt-2.23.so
b660a000-b660b000 r--p 00006000 08:01 263632     /lib/i386-linux-gnu/librt-2.23.so
b660b000-b660c000 rw-p 00007000 08:01 263632     /lib/i386-linux-gnu/librt-2.23.so
b660c000-b660f000 ---p 00000000 00:00 0 
b660f000-b665d000 rw-p 00000000 00:00 0 
b665d000-b66b0000 r-xp 00000000 08:01 263550     /lib/i386-linux-gnu/libm-2.23.so
b66b0000-b66b1000 r--p 00052000 08:01 263550     /lib/i386-linux-gnu/libm-2.23.so
b66b1000-b66b2000 rw-p 00053000 08:01 263550     /lib/i386-linux-gnu/libm-2.23.so
b66b2000-b703d000 r-xp 00000000 08:07 1838020    /home/thuy1/java/jdk1.8.0_111/jre/lib/i386/server/libjvm.so
b703d000-b70aa000 rw-p 0098b000 08:07 1838020    /home/thuy1/java/jdk1.8.0_111/jre/lib/i386/server/libjvm.so
b70aa000-b74d4000 rw-p 00000000 00:00 0 
b74d4000-b7683000 r-xp 00000000 08:01 263480     /lib/i386-linux-gnu/libc-2.23.so
b7683000-b7684000 ---p 001af000 08:01 263480     /lib/i386-linux-gnu/libc-2.23.so
b7684000-b7686000 r--p 001af000 08:01 263480     /lib/i386-linux-gnu/libc-2.23.so
b7686000-b7687000 rw-p 001b1000 08:01 263480     /lib/i386-linux-gnu/libc-2.23.so
b7687000-b768a000 rw-p 00000000 00:00 0 
b768a000-b768d000 r-xp 00000000 08:01 263504     /lib/i386-linux-gnu/libdl-2.23.so
b768d000-b768e000 r--p 00002000 08:01 263504     /lib/i386-linux-gnu/libdl-2.23.so
b768e000-b768f000 rw-p 00003000 08:01 263504     /lib/i386-linux-gnu/libdl-2.23.so
b768f000-b76a3000 r-xp 00000000 08:07 1836421    /home/thuy1/java/jdk1.8.0_111/lib/i386/jli/libjli.so
b76a3000-b76a4000 rw-p 00014000 08:07 1836421    /home/thuy1/java/jdk1.8.0_111/lib/i386/jli/libjli.so
b76a4000-b76bd000 r-xp 00000000 08:01 263624     /lib/i386-linux-gnu/libpthread-2.23.so
b76bd000-b76be000 r--p 00018000 08:01 263624     /lib/i386-linux-gnu/libpthread-2.23.so
b76be000-b76bf000 rw-p 00019000 08:01 263624     /lib/i386-linux-gnu/libpthread-2.23.so
b76bf000-b76c1000 rw-p 00000000 00:00 0 
b76c1000-b76c2000 r--s 00013000 08:07 2230639    /home/thuy1/.m2/repository/com/github/lucarosellini/rJava/JRI/0.9-7/JRI-0.9-7.jar
b76c2000-b76c3000 r--p 00741000 08:01 4465979    /usr/lib/locale/locale-archive
b76c3000-b76cb000 r-xp 00000000 08:01 263573     /lib/i386-linux-gnu/libnss_compat-2.23.so
b76cb000-b76cc000 r--p 00007000 08:01 263573     /lib/i386-linux-gnu/libnss_compat-2.23.so
b76cc000-b76cd000 rw-p 00008000 08:01 263573     /lib/i386-linux-gnu/libnss_compat-2.23.so
b76cd000-b76ce000 rw-p 00000000 00:00 0 
b76ce000-b76cf000 r--p 00000000 00:00 0 
b76cf000-b76da000 r-xp 00000000 08:07 1837984    /home/thuy1/java/jdk1.8.0_111/jre/lib/i386/libverify.so
b76da000-b76db000 rw-p 0000b000 08:07 1837984    /home/thuy1/java/jdk1.8.0_111/jre/lib/i386/libverify.so
b76db000-b76dd000 rw-p 00000000 00:00 0 
b76dd000-b76df000 r--p 00000000 00:00 0          [vvar]
b76df000-b76e0000 r-xp 00000000 00:00 0          [vdso]
b76e0000-b7702000 r-xp 00000000 08:01 263452     /lib/i386-linux-gnu/ld-2.23.so
b7702000-b7703000 rw-p 00000000 00:00 0 
b7703000-b7704000 r--p 00022000 08:01 263452     /lib/i386-linux-gnu/ld-2.23.so
b7704000-b7705000 rw-p 00023000 08:01 263452     /lib/i386-linux-gnu/ld-2.23.so
bf9c4000-bf9c5000 rwxp 00000000 00:00 0 
bf9f7000-bfa18000 rw-p 00000000 00:00 0          [stack]

VM Arguments:
jvm_args: -Djava.library.path=/home/thuy1/R/i686-pc-linux-gnu-library/3.3/rJava/jri/ -Dfile.encoding=UTF-8 
java_command: bk.master.r.Test
java_class_path (initial): /home/thuy1/git/predictUsingProbability/ConnectR/target/test-classes:/home/thuy1/git/predictUsingProbability/ConnectR/target/classes:/home/thuy1/.m2/repository/junit/junit/3.8.1/junit-3.8.1.jar:/home/thuy1/.m2/repository/com/github/lucarosellini/rJava/JRI/0.9-7/JRI-0.9-7.jar
Launcher Type: SUN_STANDARD

Environment Variables:
JAVA_HOME=/home/thuy1/java/jdk1.8.0_111
JRE_HOME=/home/thuy1/java/jdk1.8.0_111/jre
PATH=/home/thuy1/bin:/home/thuy1/.local/bin:/usr/local/sbin:/usr/local/bin:/usr/sbin:/usr/bin:/sbin:/bin:/usr/games:/usr/local/games:/snap/bin:/home/thuy1/java/jdk1.8.0_111/bin:/home/thuy1/java/jdk1.8.0_111/jre/bin
LD_LIBRARY_PATH=/home/thuy1/java/jdk1.8.0_111/jre/lib/i386/server:/home/thuy1/java/jdk1.8.0_111/jre/lib/i386:/home/thuy1/java/jdk1.8.0_111/jre/../lib/i386:/home/thuy1/java/jdk1.8.0_111/jre/lib/i386/client:/home/thuy1/java/jdk1.8.0_111/jre/lib/i386:/home/thuy1/R/i686-pc-linux-gnu-library/3.3/rJava/jri/libjri.so:
SHELL=/bin/bash
DISPLAY=:0

Signal Handlers:
SIGSEGV: [libjvm.so+0x8d66b0], sa_mask[0]=11111111011111111101111111111110, sa_flags=SA_RESTART|SA_SIGINFO
SIGBUS: [libjvm.so+0x8d66b0], sa_mask[0]=11111111011111111101111111111110, sa_flags=SA_RESTART|SA_SIGINFO
SIGFPE: [libjvm.so+0x753700], sa_mask[0]=11111111011111111101111111111110, sa_flags=SA_RESTART|SA_SIGINFO
SIGPIPE: [libjvm.so+0x753700], sa_mask[0]=11111111011111111101111111111110, sa_flags=SA_RESTART|SA_SIGINFO
SIGXFSZ: [libjvm.so+0x753700], sa_mask[0]=11111111011111111101111111111110, sa_flags=SA_RESTART|SA_SIGINFO
SIGILL: [libjvm.so+0x753700], sa_mask[0]=11111111011111111101111111111110, sa_flags=SA_RESTART|SA_SIGINFO
SIGUSR1: SIG_DFL, sa_mask[0]=00000000000000000000000000000000, sa_flags=none
SIGUSR2: [libjvm.so+0x754d80], sa_mask[0]=00100000000000000000000000000000, sa_flags=SA_RESTART|SA_SIGINFO
SIGHUP: [libjvm.so+0x756230], sa_mask[0]=11111111011111111101111111111110, sa_flags=SA_RESTART|SA_SIGINFO
SIGINT: [libjvm.so+0x756230], sa_mask[0]=11111111011111111101111111111110, sa_flags=SA_RESTART|SA_SIGINFO
SIGTERM: [libjvm.so+0x756230], sa_mask[0]=11111111011111111101111111111110, sa_flags=SA_RESTART|SA_SIGINFO
SIGQUIT: [libjvm.so+0x756230], sa_mask[0]=11111111011111111101111111111110, sa_flags=SA_RESTART|SA_SIGINFO


---------------  S Y S T E M  ---------------

OS:DISTRIB_ID=Ubuntu
DISTRIB_RELEASE=16.04
DISTRIB_CODENAME=xenial
DISTRIB_DESCRIPTION="Ubuntu 16.04.1 LTS"

uname:Linux 4.4.0-64-generic #85-Ubuntu SMP Mon Feb 20 11:49:39 UTC 2017 i686
libc:glibc 2.23 NPTL 2.23 
rlimit: STACK 8192k, CORE 0k, NPROC 30423, NOFILE 65536, AS infinity
load average:0,10 0,19 0,24

/proc/meminfo:
MemTotal:        3930012 kB
MemFree:          690792 kB
MemAvailable:    1791196 kB
Buffers:           94956 kB
Cached:          1529384 kB
SwapCached:         2052 kB
Active:          1784192 kB
Inactive:        1279264 kB
Active(anon):    1124484 kB
Inactive(anon):   546964 kB
Active(file):     659708 kB
Inactive(file):   732300 kB
Unevictable:          64 kB
Mlocked:              64 kB
HighTotal:       3072064 kB
HighFree:         513520 kB
LowTotal:         857948 kB
LowFree:          177272 kB
SwapTotal:       3983356 kB
SwapFree:        3936100 kB
Dirty:                52 kB
Writeback:             0 kB
AnonPages:       1438020 kB
Mapped:           355092 kB
Shmem:            232332 kB
Slab:             122352 kB
SReclaimable:      93988 kB
SUnreclaim:        28364 kB
KernelStack:        4840 kB
PageTables:        18096 kB
NFS_Unstable:          0 kB
Bounce:                0 kB
WritebackTmp:          0 kB
CommitLimit:     5948360 kB
Committed_AS:    6105572 kB
VmallocTotal:     122880 kB
VmallocUsed:           0 kB
VmallocChunk:          0 kB
AnonHugePages:    698368 kB
CmaTotal:              0 kB
CmaFree:               0 kB
HugePages_Total:       0
HugePages_Free:        0
HugePages_Rsvd:        0
HugePages_Surp:        0
Hugepagesize:       2048 kB
DirectMap4k:       47096 kB
DirectMap2M:      866304 kB


CPU:total 4 (2 cores per cpu, 2 threads per core) family 6 model 37 stepping 5, cmov, cx8, fxsr, mmx, sse, sse2, sse3, ssse3, sse4.1, sse4.2, popcnt, aes, clmul, ht, tsc, tscinvbit

/proc/cpuinfo:
processor	: 0
vendor_id	: GenuineIntel
cpu family	: 6
model		: 37
model name	: Intel(R) Core(TM) i5 CPU       M 560  @ 2.67GHz
stepping	: 5
microcode	: 0x4
cpu MHz		: 2667.000
cache size	: 3072 KB
physical id	: 0
siblings	: 4
core id		: 0
cpu cores	: 2
apicid		: 0
initial apicid	: 0
fdiv_bug	: no
f00f_bug	: no
coma_bug	: no
fpu		: yes
fpu_exception	: yes
cpuid level	: 11
wp		: yes
flags		: fpu vme de pse tsc msr pae mce cx8 apic sep mtrr pge mca cmov pat pse36 clflush dts acpi mmx fxsr sse sse2 ss ht tm pbe nx rdtscp lm constant_tsc arch_perfmon pebs bts xtopology nonstop_tsc aperfmperf pni pclmulqdq dtes64 monitor ds_cpl vmx smx est tm2 ssse3 cx16 xtpr pdcm pcid sse4_1 sse4_2 popcnt aes lahf_lm tpr_shadow vnmi flexpriority ept vpid dtherm ida arat
bugs		:
bogomips	: 5319.61
clflush size	: 64
cache_alignment	: 64
address sizes	: 36 bits physical, 48 bits virtual
power management:

processor	: 1
vendor_id	: GenuineIntel
cpu family	: 6
model		: 37
model name	: Intel(R) Core(TM) i5 CPU       M 560  @ 2.67GHz
stepping	: 5
microcode	: 0x4
cpu MHz		: 1599.000
cache size	: 3072 KB
physical id	: 0
siblings	: 4
core id		: 0
cpu cores	: 2
apicid		: 1
initial apicid	: 1
fdiv_bug	: no
f00f_bug	: no
coma_bug	: no
fpu		: yes
fpu_exception	: yes
cpuid level	: 11
wp		: yes
flags		: fpu vme de pse tsc msr pae mce cx8 apic sep mtrr pge mca cmov pat pse36 clflush dts acpi mmx fxsr sse sse2 ss ht tm pbe nx rdtscp lm constant_tsc arch_perfmon pebs bts xtopology nonstop_tsc aperfmperf pni pclmulqdq dtes64 monitor ds_cpl vmx smx est tm2 ssse3 cx16 xtpr pdcm pcid sse4_1 sse4_2 popcnt aes lahf_lm tpr_shadow vnmi flexpriority ept vpid dtherm ida arat
bugs		:
bogomips	: 5319.61
clflush size	: 64
cache_alignment	: 64
address sizes	: 36 bits physical, 48 bits virtual
power management:

processor	: 2
vendor_id	: GenuineIntel
cpu family	: 6
model		: 37
model name	: Intel(R) Core(TM) i5 CPU       M 560  @ 2.67GHz
stepping	: 5
microcode	: 0x4
cpu MHz		: 1866.000
cache size	: 3072 KB
physical id	: 0
siblings	: 4
core id		: 2
cpu cores	: 2
apicid		: 4
initial apicid	: 4
fdiv_bug	: no
f00f_bug	: no
coma_bug	: no
fpu		: yes
fpu_exception	: yes
cpuid level	: 11
wp		: yes
flags		: fpu vme de pse tsc msr pae mce cx8 apic sep mtrr pge mca cmov pat pse36 clflush dts acpi mmx fxsr sse sse2 ss ht tm pbe nx rdtscp lm constant_tsc arch_perfmon pebs bts xtopology nonstop_tsc aperfmperf pni pclmulqdq dtes64 monitor ds_cpl vmx smx est tm2 ssse3 cx16 xtpr pdcm pcid sse4_1 sse4_2 popcnt aes lahf_lm tpr_shadow vnmi flexpriority ept vpid dtherm ida arat
bugs		:
bogomips	: 5319.61
clflush size	: 64
cache_alignment	: 64
address sizes	: 36 bits physical, 48 bits virtual
power management:

processor	: 3
vendor_id	: GenuineIntel
cpu family	: 6
model		: 37
model name	: Intel(R) Core(TM) i5 CPU       M 560  @ 2.67GHz
stepping	: 5
microcode	: 0x4
cpu MHz		: 2533.000
cache size	: 3072 KB
physical id	: 0
siblings	: 4
core id		: 2
cpu cores	: 2
apicid		: 5
initial apicid	: 5
fdiv_bug	: no
f00f_bug	: no
coma_bug	: no
fpu		: yes
fpu_exception	: yes
cpuid level	: 11
wp		: yes
flags		: fpu vme de pse tsc msr pae mce cx8 apic sep mtrr pge mca cmov pat pse36 clflush dts acpi mmx fxsr sse sse2 ss ht tm pbe nx rdtscp lm constant_tsc arch_perfmon pebs bts xtopology nonstop_tsc aperfmperf pni pclmulqdq dtes64 monitor ds_cpl vmx smx est tm2 ssse3 cx16 xtpr pdcm pcid sse4_1 sse4_2 popcnt aes lahf_lm tpr_shadow vnmi flexpriority ept vpid dtherm ida arat
bugs		:
bogomips	: 5319.61
clflush size	: 64
cache_alignment	: 64
address sizes	: 36 bits physical, 48 bits virtual
power management:



Memory: 4k page, physical 3930012k(690792k free), swap 3983356k(3936100k free)

vm_info: Java HotSpot(TM) Server VM (25.111-b14) for linux-x86 JRE (1.8.0_111-b14), built on Sep 22 2016 15:52:27 by "java_re" with gcc 4.3.0 20080428 (Red Hat 4.3.0-8)

time: Sun Apr  9 11:37:04 2017
elapsed time: 0 seconds (0d 0h 0m 0s)

